# JRE version: Java(TM) SE Runtime Environment (17.0.6+9) (build 17.0.6+9-LTS-190)
# Java VM: Java HotSpot(TM) 64-Bit Server VM (17.0.6+9-LTS-190, mixed mode, sharing, tiered, compressed oops, compressed class ptrs, g1 gc, windows-amd64)
GC Precious Log:
 CPUs: 4 total, 4 available
 Memory: 12087M
 Large Page Support: Disabled
 NUMA Support: Disabled
 Compressed Oops: Enabled (Zero based)
 Heap Region Size: 2M
 Heap Min Capacity: 8M
 Heap Initial Capacity: 190M
 Heap Max Capacity: 3022M
 Pre-touch: Disabled
 Parallel Workers: 4
 Concurrent Workers: 1
 Concurrent Refinement Workers: 4
 Periodic GC: Disabled
Heap:
 garbage-first heap   total 139264K, used 62409K [0x0000000743200000, 0x0000000800000000)
  region size 2048K, 3 young (6144K), 3 survivors (6144K)
 Metaspace       used 31533K, committed 31936K, reserved 1081344K
  class space    used 3534K, committed 3712K, reserved 1048576K
GC Heap History (20 events):
Event: 4.358 GC heap after
{Heap after GC invocations=3 (full 0):
 garbage-first heap   total 194560K, used 5187K [0x0000000743200000, 0x0000000800000000)
  region size 2048K, 1 young (2048K), 1 survivors (2048K)
 Metaspace       used 9407K, committed 9600K, reserved 1064960K
  class space    used 1135K, committed 1216K, reserved 1048576K
}
Event: 6.616 GC heap before
{Heap before GC invocations=3 (full 0):
 garbage-first heap   total 194560K, used 119875K [0x0000000743200000, 0x0000000800000000)
  region size 2048K, 57 young (116736K), 1 survivors (2048K)
 Metaspace       used 15995K, committed 16192K, reserved 1064960K
  class space    used 1843K, committed 1920K, reserved 1048576K
}
Event: 6.633 GC heap after
{Heap after GC invocations=4 (full 0):
 garbage-first heap   total 194560K, used 15849K [0x0000000743200000, 0x0000000800000000)
  region size 2048K, 7 young (14336K), 7 survivors (14336K)
 Metaspace       used 15995K, committed 16192K, reserved 1064960K
  class space    used 1843K, committed 1920K, reserved 1048576K
}
Event: 8.145 GC heap before
{Heap before GC invocations=4 (full 0):
 garbage-first heap   total 194560K, used 83433K [0x0000000743200000, 0x0000000800000000)
  region size 2048K, 39 young (79872K), 7 survivors (14336K)
 Metaspace       used 21214K, committed 21504K, reserved 1073152K
  class space    used 2462K, committed 2624K, reserved 1048576K
}
Event: 8.161 GC heap after
{Heap after GC invocations=5 (full 0):
 garbage-first heap   total 194560K, used 26111K [0x0000000743200000, 0x0000000800000000)
  region size 2048K, 4 young (8192K), 4 survivors (8192K)
 Metaspace       used 21214K, committed 21504K, reserved 1073152K
  class space    used 2462K, committed 2624K, reserved 1048576K
}
Event: 9.072 GC heap before
{Heap before GC invocations=6 (full 0):
 garbage-first heap   total 102400K, used 79359K [0x0000000743200000, 0x0000000800000000)
  region size 2048K, 30 young (61440K), 4 survivors (8192K)
 Metaspace       used 25663K, committed 26048K, reserved 1073152K
  class space    used 2937K, committed 3136K, reserved 1048576K
}
Event: 9.090 GC heap after
{Heap after GC invocations=7 (full 0):
 garbage-first heap   total 110592K, used 44145K [0x0000000743200000, 0x0000000800000000)
  region size 2048K, 4 young (8192K), 4 survivors (8192K)
 Metaspace       used 25663K, committed 26048K, reserved 1073152K
  class space    used 2937K, committed 3136K, reserved 1048576K
}
Event: 9.200 GC heap before
{Heap before GC invocations=7 (full 0):
 garbage-first heap   total 110592K, used 46193K [0x0000000743200000, 0x0000000800000000)
  region size 2048K, 5 young (10240K), 4 survivors (8192K)
 Metaspace       used 25850K, committed 26176K, reserved 1073152K
  class space    used 2961K, committed 3136K, reserved 1048576K
}
Event: 9.206 GC heap after
{Heap after GC invocations=8 (full 0):
 garbage-first heap   total 110592K, used 46289K [0x0000000743200000, 0x0000000800000000)
  region size 2048K, 1 young (2048K), 1 survivors (2048K)
 Metaspace       used 25850K, committed 26176K, reserved 1073152K
  class space    used 2961K, committed 3136K, reserved 1048576K
}
Event: 9.591 GC heap before
{Heap before GC invocations=8 (full 0):
 garbage-first heap   total 110592K, used 77009K [0x0000000743200000, 0x0000000800000000)
  region size 2048K, 16 young (32768K), 1 survivors (2048K)
 Metaspace       used 26608K, committed 26944K, reserved 1081344K
  class space    used 3021K, committed 3200K, reserved 1048576K
}
Event: 9.602 GC heap after
{Heap after GC invocations=9 (full 0):
 garbage-first heap   total 110592K, used 52068K [0x0000000743200000, 0x0000000800000000)
  region size 2048K, 2 young (4096K), 2 survivors (4096K)
 Metaspace       used 26608K, committed 26944K, reserved 1081344K
  class space    used 3021K, committed 3200K, reserved 1048576K
}
Event: 9.677 GC heap before
{Heap before GC invocations=9 (full 0):
 garbage-first heap   total 110592K, used 58212K [0x0000000743200000, 0x0000000800000000)
  region size 2048K, 6 young (12288K), 2 survivors (4096K)
 Metaspace       used 26679K, committed 27008K, reserved 1081344K
  class space    used 3022K, committed 3200K, reserved 1048576K
}
Event: 9.686 GC heap after
{Heap after GC invocations=10 (full 0):
 garbage-first heap   total 139264K, used 53838K [0x0000000743200000, 0x0000000800000000)
  region size 2048K, 1 young (2048K), 1 survivors (2048K)
 Metaspace       used 26679K, committed 27008K, reserved 1081344K
  class space    used 3022K, committed 3200K, reserved 1048576K
}
Event: 10.294 GC heap before
{Heap before GC invocations=10 (full 0):
 garbage-first heap   total 139264K, used 98894K [0x0000000743200000, 0x0000000800000000)
  region size 2048K, 23 young (47104K), 1 survivors (2048K)
 Metaspace       used 28702K, committed 29056K, reserved 1081344K
  class space    used 3235K, committed 3392K, reserved 1048576K
}
Event: 10.300 GC heap after
{Heap after GC invocations=11 (full 0):
 garbage-first heap   total 139264K, used 58249K [0x0000000743200000, 0x0000000800000000)
  region size 2048K, 2 young (4096K), 2 survivors (4096K)
 Metaspace       used 28702K, committed 29056K, reserved 1081344K
  class space    used 3235K, committed 3392K, reserved 1048576K
}
Event: 10.678 GC heap before
{Heap before GC invocations=11 (full 0):
 garbage-first heap   total 139264K, used 103305K [0x0000000743200000, 0x0000000800000000)
  region size 2048K, 24 young (49152K), 2 survivors (4096K)
 Metaspace       used 29373K, committed 29760K, reserved 1081344K
  class space    used 3296K, committed 3456K, reserved 1048576K
}
Event: 10.684 GC heap after
{Heap after GC invocations=12 (full 0):
 garbage-first heap   total 139264K, used 59589K [0x0000000743200000, 0x0000000800000000)
  region size 2048K, 2 young (4096K), 2 survivors (4096K)
 Metaspace       used 29373K, committed 29760K, reserved 1081344K
  class space    used 3296K, committed 3456K, reserved 1048576K
}
Event: 10.926 GC heap before
{Heap before GC invocations=12 (full 0):
 garbage-first heap   total 139264K, used 104645K [0x0000000743200000, 0x0000000800000000)
  region size 2048K, 24 young (49152K), 2 survivors (4096K)
 Metaspace       used 29583K, committed 29952K, reserved 1081344K
  class space    used 3301K, committed 3456K, reserved 1048576K
}
Event: 10.932 GC heap after
{Heap after GC invocations=13 (full 0):
 garbage-first heap   total 139264K, used 60042K [0x0000000743200000, 0x0000000800000000)
  region size 2048K, 1 young (2048K), 1 survivors (2048K)
 Metaspace       used 29583K, committed 29952K, reserved 1081344K
  class space    used 3301K, committed 3456K, reserved 1048576K
}
Event: 11.838 GC heap before
{Heap before GC invocations=13 (full 0):
 garbage-first heap   total 139264K, used 107146K [0x0000000743200000, 0x0000000800000000)
  region size 2048K, 24 young (49152K), 1 survivors (2048K)
 Metaspace       used 31533K, committed 31936K, reserved 1081344K
  class space    used 3534K, committed 3712K, reserved 1048576K
}

