# JRE version: OpenJDK Runtime Environment Temurin-17.0.11+9 (17.0.11+9) (build 17.0.11+9)
# Java VM: OpenJDK 64-Bit Server VM Temurin-17.0.11+9 (17.0.11+9, mixed mode, emulated-client, tiered, compressed oops, compressed class ptrs, g1 gc, windows-amd64)
GC Precious Log:
 CPUs: 4 total, 4 available
 Memory: 12087M
 Large Page Support: Disabled
 NUMA Support: Disabled
 Compressed Oops: Enabled (32-bit)
 Heap Region Size: 1M
 Heap Min Capacity: 8M
 Heap Initial Capacity: 190M
 Heap Max Capacity: 1G
 Pre-touch: Disabled
 Parallel Workers: 4
 Concurrent Workers: 1
 Concurrent Refinement Workers: 4
 Periodic GC: Disabled
Heap:
 garbage-first heap   total 171008K, used 50736K [0x00000000c0000000, 0x0000000100000000)
  region size 1024K, 1 young (1024K), 0 survivors (0K)
 Metaspace       used 67144K, committed 67712K, reserved 1114112K
  class space    used 8895K, committed 9152K, reserved 1048576K
GC Heap History (20 events):
Event: 191877.458 GC heap before
{Heap before GC invocations=5478 (full 3737):
 garbage-first heap   total 171008K, used 50736K [0x00000000c0000000, 0x0000000100000000)
  region size 1024K, 1 young (1024K), 0 survivors (0K)
 Metaspace       used 67144K, committed 67712K, reserved 1114112K
  class space    used 8895K, committed 9152K, reserved 1048576K
}
Event: 191877.497 GC heap after
{Heap after GC invocations=5479 (full 3738):
 garbage-first heap   total 171008K, used 50736K [0x00000000c0000000, 0x0000000100000000)
  region size 1024K, 0 young (0K), 0 survivors (0K)
 Metaspace       used 67144K, committed 67712K, reserved 1114112K
  class space    used 8895K, committed 9152K, reserved 1048576K
}
Event: 191887.889 GC heap before
{Heap before GC invocations=5479 (full 3738):
 garbage-first heap   total 171008K, used 50736K [0x00000000c0000000, 0x0000000100000000)
  region size 1024K, 1 young (1024K), 0 survivors (0K)
 Metaspace       used 67144K, committed 67712K, reserved 1114112K
  class space    used 8895K, committed 9152K, reserved 1048576K
}
Event: 191887.938 GC heap after
{Heap after GC invocations=5480 (full 3739):
 garbage-first heap   total 171008K, used 50736K [0x00000000c0000000, 0x0000000100000000)
  region size 1024K, 0 young (0K), 0 survivors (0K)
 Metaspace       used 67144K, committed 67712K, reserved 1114112K
  class space    used 8895K, committed 9152K, reserved 1048576K
}
Event: 191898.157 GC heap before
{Heap before GC invocations=5480 (full 3739):
 garbage-first heap   total 171008K, used 50736K [0x00000000c0000000, 0x0000000100000000)
  region size 1024K, 1 young (1024K), 0 survivors (0K)
 Metaspace       used 67144K, committed 67712K, reserved 1114112K
  class space    used 8895K, committed 9152K, reserved 1048576K
}
Event: 191898.198 GC heap after
{Heap after GC invocations=5481 (full 3740):
 garbage-first heap   total 171008K, used 50736K [0x00000000c0000000, 0x0000000100000000)
  region size 1024K, 0 young (0K), 0 survivors (0K)
 Metaspace       used 67144K, committed 67712K, reserved 1114112K
  class space    used 8895K, committed 9152K, reserved 1048576K
}
Event: 191908.561 GC heap before
{Heap before GC invocations=5481 (full 3740):
 garbage-first heap   total 171008K, used 50736K [0x00000000c0000000, 0x0000000100000000)
  region size 1024K, 1 young (1024K), 0 survivors (0K)
 Metaspace       used 67144K, committed 67712K, reserved 1114112K
  class space    used 8895K, committed 9152K, reserved 1048576K
}
Event: 191908.601 GC heap after
{Heap after GC invocations=5482 (full 3741):
 garbage-first heap   total 171008K, used 50736K [0x00000000c0000000, 0x0000000100000000)
  region size 1024K, 0 young (0K), 0 survivors (0K)
 Metaspace       used 67144K, committed 67712K, reserved 1114112K
  class space    used 8895K, committed 9152K, reserved 1048576K
}
Event: 191918.705 GC heap before
{Heap before GC invocations=5482 (full 3741):
 garbage-first heap   total 171008K, used 50736K [0x00000000c0000000, 0x0000000100000000)
  region size 1024K, 1 young (1024K), 0 survivors (0K)
 Metaspace       used 67144K, committed 67712K, reserved 1114112K
  class space    used 8895K, committed 9152K, reserved 1048576K
}
Event: 191918.745 GC heap after
{Heap after GC invocations=5483 (full 3742):
 garbage-first heap   total 171008K, used 50736K [0x00000000c0000000, 0x0000000100000000)
  region size 1024K, 0 young (0K), 0 survivors (0K)
 Metaspace       used 67144K, committed 67712K, reserved 1114112K
  class space    used 8895K, committed 9152K, reserved 1048576K
}
Event: 191930.399 GC heap before
{Heap before GC invocations=5483 (full 3742):
 garbage-first heap   total 171008K, used 50736K [0x00000000c0000000, 0x0000000100000000)
  region size 1024K, 1 young (1024K), 0 survivors (0K)
 Metaspace       used 67144K, committed 67712K, reserved 1114112K
  class space    used 8895K, committed 9152K, reserved 1048576K
}
Event: 191930.441 GC heap after
{Heap after GC invocations=5484 (full 3743):
 garbage-first heap   total 171008K, used 50736K [0x00000000c0000000, 0x0000000100000000)
  region size 1024K, 0 young (0K), 0 survivors (0K)
 Metaspace       used 67144K, committed 67712K, reserved 1114112K
  class space    used 8895K, committed 9152K, reserved 1048576K
}
Event: 191940.570 GC heap before
{Heap before GC invocations=5484 (full 3743):
 garbage-first heap   total 171008K, used 50736K [0x00000000c0000000, 0x0000000100000000)
  region size 1024K, 1 young (1024K), 0 survivors (0K)
 Metaspace       used 67144K, committed 67712K, reserved 1114112K
  class space    used 8895K, committed 9152K, reserved 1048576K
}
Event: 191940.609 GC heap after
{Heap after GC invocations=5485 (full 3744):
 garbage-first heap   total 171008K, used 50736K [0x00000000c0000000, 0x0000000100000000)
  region size 1024K, 0 young (0K), 0 survivors (0K)
 Metaspace       used 67144K, committed 67712K, reserved 1114112K
  class space    used 8895K, committed 9152K, reserved 1048576K
}
Event: 191953.085 GC heap before
{Heap before GC invocations=5485 (full 3744):
 garbage-first heap   total 171008K, used 50736K [0x00000000c0000000, 0x0000000100000000)
  region size 1024K, 1 young (1024K), 0 survivors (0K)
 Metaspace       used 67144K, committed 67712K, reserved 1114112K
  class space    used 8895K, committed 9152K, reserved 1048576K
}
Event: 191953.127 GC heap after
{Heap after GC invocations=5486 (full 3745):
 garbage-first heap   total 171008K, used 50736K [0x00000000c0000000, 0x0000000100000000)
  region size 1024K, 0 young (0K), 0 survivors (0K)
 Metaspace       used 67144K, committed 67712K, reserved 1114112K
  class space    used 8895K, committed 9152K, reserved 1048576K
}
Event: 191963.493 GC heap before
{Heap before GC invocations=5486 (full 3745):
 garbage-first heap   total 171008K, used 50736K [0x00000000c0000000, 0x0000000100000000)
  region size 1024K, 1 young (1024K), 0 survivors (0K)
 Metaspace       used 67144K, committed 67712K, reserved 1114112K
  class space    used 8895K, committed 9152K, reserved 1048576K
}
Event: 191963.534 GC heap after
{Heap after GC invocations=5487 (full 3746):
 garbage-first heap   total 171008K, used 50736K [0x00000000c0000000, 0x0000000100000000)
  region size 1024K, 0 young (0K), 0 survivors (0K)
 Metaspace       used 67144K, committed 67712K, reserved 1114112K
  class space    used 8895K, committed 9152K, reserved 1048576K
}
Event: 191974.179 GC heap before
{Heap before GC invocations=5487 (full 3746):
 garbage-first heap   total 171008K, used 50736K [0x00000000c0000000, 0x0000000100000000)
  region size 1024K, 1 young (1024K), 0 survivors (0K)
 Metaspace       used 67144K, committed 67712K, reserved 1114112K
  class space    used 8895K, committed 9152K, reserved 1048576K
}
Event: 191974.220 GC heap after
{Heap after GC invocations=5488 (full 3747):
 garbage-first heap   total 171008K, used 50736K [0x00000000c0000000, 0x0000000100000000)
  region size 1024K, 0 young (0K), 0 survivors (0K)
 Metaspace       used 67144K, committed 67712K, reserved 1114112K
  class space    used 8895K, committed 9152K, reserved 1048576K
}

